<?xml version="1.0" encoding="UTF-8"?>
<!-- Generated by org.testng.reporters.JUnitReportReporter -->
<testsuite hostname="LMCLT025" failures="0" tests="1" name="com.rgt.runner.WebTest2" time="34.150" errors="0" timestamp="2022-10-22T18:41:36 IST" skipped="0">
  <testcase classname="com.rgt.runner.WebTest2" name="test" time="34.150"/>
  <system-out/>
</testsuite> <!-- com.rgt.runner.WebTest2 -->
