<?xml version="1.0" encoding="UTF-8"?>
<!-- Generated by org.testng.reporters.JUnitReportReporter -->
<testsuite hostname="LAPTOP-HJDUL1G9" failures="0" tests="1" name="com.rgt.runner.WebTest" time="21.077" errors="0" timestamp="2022-10-19T22:20:12 IST" skipped="0">
  <testcase classname="com.rgt.runner.WebTest" name="test" time="21.077"/>
  <system-out/>
</testsuite> <!-- com.rgt.runner.WebTest -->
