<?xml version="1.0" encoding="UTF-8"?>
<!-- Generated by org.testng.reporters.JUnitReportReporter -->
<testsuite hostname="LMCLT025" failures="0" tests="1" name="com.rgt.runner.WebTest3" time="19.232" errors="0" timestamp="2022-10-23T14:18:46 IST" skipped="0">
  <testcase classname="com.rgt.runner.WebTest3" name="test" time="19.232"/>
  <system-out/>
</testsuite> <!-- com.rgt.runner.WebTest3 -->
