<?xml version="1.0" encoding="UTF-8"?>
<!-- Generated by org.testng.reporters.JUnitReportReporter -->
<testsuite hostname="LMCLT025" failures="0" tests="1" name="com.rgt.runner.WebTest3" time="3.907" errors="0" timestamp="2022-10-24T15:34:35 IST" skipped="0">
  <testcase classname="com.rgt.runner.WebTest3" name="test" time="3.907"/>
  <system-out/>
</testsuite> <!-- com.rgt.runner.WebTest3 -->
