<?xml version="1.0" encoding="UTF-8"?>
<!-- Generated by org.testng.reporters.JUnitReportReporter -->
<testsuite hostname="LMCLT025" failures="0" tests="1" name="com.rgt.runner.WebTest" time="18.309" errors="0" timestamp="2022-10-22T23:26:45 IST" skipped="0">
  <testcase classname="com.rgt.runner.WebTest" name="test" time="18.309"/>
  <system-out/>
</testsuite> <!-- com.rgt.runner.WebTest -->
