<?xml version="1.0" encoding="UTF-8"?>
<!-- Generated by org.testng.reporters.JUnitReportReporter -->
<testsuite hostname="LAPTOP-HJDUL1G9" failures="0" tests="1" name="com.rgt.runner.WebTest" time="35.173" errors="0" timestamp="2022-10-17T13:03:52 IST" skipped="0">
  <testcase classname="com.rgt.runner.WebTest" name="test" time="35.173"/>
  <system-out/>
</testsuite> <!-- com.rgt.runner.WebTest -->
