<?xml version="1.0" encoding="UTF-8"?>
<!-- Generated by org.testng.reporters.JUnitReportReporter -->
<testsuite hostname="LMCLT025" failures="0" tests="1" name="com.rgt.runner.WebTest" time="20.632" errors="0" timestamp="2022-10-22T20:23:00 IST" skipped="0">
  <testcase classname="com.rgt.runner.WebTest" name="test" time="20.632"/>
  <system-out/>
</testsuite> <!-- com.rgt.runner.WebTest -->
